# JRE version: OpenJDK Runtime Environment (21.0.8) (build 21.0.8+-14018985-b1038.68)
# Java VM: OpenJDK 64-Bit Server VM (21.0.8+-14018985-b1038.68, mixed mode, tiered, compressed oops, compressed class ptrs, g1 gc, windows-amd64)
GC Precious Log:
 CardTable entry size: 512
 Card Set container configuration: InlinePtr #cards 4 size 8 Array Of Cards #cards 32 size 80 Howl #buckets 8 coarsen threshold 7372 Howl Bitmap #cards 1024 size 144 coarsen threshold 921 Card regions per heap region 1 cards per card region 8192
 CPUs: 12 total, 12 available
 Memory: 16076M
 Large Page Support: Disabled
 NUMA Support: Disabled
 Compressed Oops: Enabled (Zero based)
 Heap Region Size: 4M
 Heap Min Capacity: 8M
 Heap Initial Capacity: 252M
 Heap Max Capacity: 8G
 Pre-touch: Disabled
 Parallel Workers: 10
 Concurrent Workers: 3
 Concurrent Refinement Workers: 10
 Periodic GC: Disabled
Heap:
 garbage-first heap   total 905216K, used 223792K [0x0000000600000000, 0x0000000800000000)
  region size 4096K, 8 young (32768K), 8 survivors (32768K)
 Metaspace       used 172749K, committed 175104K, reserved 1245184K
  class space    used 22324K, committed 23488K, reserved 1048576K
GC Heap History (20 events):
Event: 106.264 GC heap after
{Heap after GC invocations=88 (full 0):
 garbage-first heap   total 561152K, used 207873K [0x0000000600000000, 0x0000000800000000)
  region size 4096K, 3 young (12288K), 3 survivors (12288K)
 Metaspace       used 172564K, committed 174976K, reserved 1245184K
  class space    used 22322K, committed 23488K, reserved 1048576K
}
Event: 106.382 GC heap before
{Heap before GC invocations=88 (full 0):
 garbage-first heap   total 561152K, used 502785K [0x0000000600000000, 0x0000000800000000)
  region size 4096K, 76 young (311296K), 3 survivors (12288K)
 Metaspace       used 172603K, committed 175040K, reserved 1245184K
  class space    used 22322K, committed 23488K, reserved 1048576K
}
Event: 106.387 GC heap after
{Heap after GC invocations=89 (full 0):
 garbage-first heap   total 757760K, used 208880K [0x0000000600000000, 0x0000000800000000)
  region size 4096K, 3 young (12288K), 3 survivors (12288K)
 Metaspace       used 172603K, committed 175040K, reserved 1245184K
  class space    used 22322K, committed 23488K, reserved 1048576K
}
Event: 106.705 GC heap before
{Heap before GC invocations=90 (full 0):
 garbage-first heap   total 724992K, used 626672K [0x0000000600000000, 0x0000000800000000)
  region size 4096K, 106 young (434176K), 3 survivors (12288K)
 Metaspace       used 172620K, committed 175040K, reserved 1245184K
  class space    used 22317K, committed 23488K, reserved 1048576K
}
Event: 106.709 GC heap after
{Heap after GC invocations=91 (full 0):
 garbage-first heap   total 724992K, used 213980K [0x0000000600000000, 0x0000000800000000)
  region size 4096K, 4 young (16384K), 4 survivors (16384K)
 Metaspace       used 172620K, committed 175040K, reserved 1245184K
  class space    used 22317K, committed 23488K, reserved 1048576K
}
Event: 106.938 GC heap before
{Heap before GC invocations=91 (full 0):
 garbage-first heap   total 724992K, used 627676K [0x0000000600000000, 0x0000000800000000)
  region size 4096K, 106 young (434176K), 4 survivors (16384K)
 Metaspace       used 172635K, committed 175040K, reserved 1245184K
  class space    used 22318K, committed 23488K, reserved 1048576K
}
Event: 106.945 GC heap after
{Heap after GC invocations=92 (full 0):
 garbage-first heap   total 724992K, used 219379K [0x0000000600000000, 0x0000000800000000)
  region size 4096K, 6 young (24576K), 6 survivors (24576K)
 Metaspace       used 172635K, committed 175040K, reserved 1245184K
  class space    used 22318K, committed 23488K, reserved 1048576K
}
Event: 107.161 GC heap before
{Heap before GC invocations=92 (full 0):
 garbage-first heap   total 724992K, used 628979K [0x0000000600000000, 0x0000000800000000)
  region size 4096K, 106 young (434176K), 6 survivors (24576K)
 Metaspace       used 172665K, committed 175040K, reserved 1245184K
  class space    used 22318K, committed 23488K, reserved 1048576K
}
Event: 107.169 GC heap after
{Heap after GC invocations=93 (full 0):
 garbage-first heap   total 724992K, used 222727K [0x0000000600000000, 0x0000000800000000)
  region size 4096K, 7 young (28672K), 7 survivors (28672K)
 Metaspace       used 172665K, committed 175040K, reserved 1245184K
  class space    used 22318K, committed 23488K, reserved 1048576K
}
Event: 107.401 GC heap before
{Heap before GC invocations=93 (full 0):
 garbage-first heap   total 724992K, used 628231K [0x0000000600000000, 0x0000000800000000)
  region size 4096K, 106 young (434176K), 7 survivors (28672K)
 Metaspace       used 172676K, committed 175040K, reserved 1245184K
  class space    used 22319K, committed 23488K, reserved 1048576K
}
Event: 107.409 GC heap after
{Heap after GC invocations=94 (full 0):
 garbage-first heap   total 724992K, used 230793K [0x0000000600000000, 0x0000000800000000)
  region size 4096K, 9 young (36864K), 9 survivors (36864K)
 Metaspace       used 172676K, committed 175040K, reserved 1245184K
  class space    used 22319K, committed 23488K, reserved 1048576K
}
Event: 107.580 GC heap before
{Heap before GC invocations=94 (full 0):
 garbage-first heap   total 724992K, used 628105K [0x0000000600000000, 0x0000000800000000)
  region size 4096K, 106 young (434176K), 9 survivors (36864K)
 Metaspace       used 172687K, committed 175104K, reserved 1245184K
  class space    used 22319K, committed 23488K, reserved 1048576K
}
Event: 107.590 GC heap after
{Heap after GC invocations=95 (full 0):
 garbage-first heap   total 905216K, used 233864K [0x0000000600000000, 0x0000000800000000)
  region size 4096K, 9 young (36864K), 9 survivors (36864K)
 Metaspace       used 172687K, committed 175104K, reserved 1245184K
  class space    used 22319K, committed 23488K, reserved 1048576K
}
Event: 107.942 GC heap before
{Heap before GC invocations=95 (full 0):
 garbage-first heap   total 905216K, used 733576K [0x0000000600000000, 0x0000000800000000)
  region size 4096K, 132 young (540672K), 9 survivors (36864K)
 Metaspace       used 172693K, committed 175104K, reserved 1245184K
  class space    used 22319K, committed 23488K, reserved 1048576K
}
Event: 107.949 GC heap after
{Heap after GC invocations=96 (full 0):
 garbage-first heap   total 905216K, used 222963K [0x0000000600000000, 0x0000000800000000)
  region size 4096K, 6 young (24576K), 6 survivors (24576K)
 Metaspace       used 172693K, committed 175104K, reserved 1245184K
  class space    used 22319K, committed 23488K, reserved 1048576K
}
Event: 108.268 GC heap before
{Heap before GC invocations=96 (full 0):
 garbage-first heap   total 905216K, used 739059K [0x0000000600000000, 0x0000000800000000)
  region size 4096K, 132 young (540672K), 6 survivors (24576K)
 Metaspace       used 172706K, committed 175104K, reserved 1245184K
  class space    used 22320K, committed 23488K, reserved 1048576K
}
Event: 108.276 GC heap after
{Heap after GC invocations=97 (full 0):
 garbage-first heap   total 905216K, used 217142K [0x0000000600000000, 0x0000000800000000)
  region size 4096K, 5 young (20480K), 5 survivors (20480K)
 Metaspace       used 172706K, committed 175104K, reserved 1245184K
  class space    used 22320K, committed 23488K, reserved 1048576K
}
Event: 108.760 GC heap before
{Heap before GC invocations=97 (full 0):
 garbage-first heap   total 905216K, used 737334K [0x0000000600000000, 0x0000000800000000)
  region size 4096K, 132 young (540672K), 5 survivors (20480K)
 Metaspace       used 172706K, committed 175104K, reserved 1245184K
  class space    used 22320K, committed 23488K, reserved 1048576K
}
Event: 108.772 GC heap after
{Heap after GC invocations=98 (full 0):
 garbage-first heap   total 905216K, used 224831K [0x0000000600000000, 0x0000000800000000)
  region size 4096K, 7 young (28672K), 7 survivors (28672K)
 Metaspace       used 172706K, committed 175104K, reserved 1245184K
  class space    used 22320K, committed 23488K, reserved 1048576K
}
Event: 110.412 GC heap before
{Heap before GC invocations=98 (full 0):
 garbage-first heap   total 905216K, used 732735K [0x0000000600000000, 0x0000000800000000)
  region size 4096K, 132 young (540672K), 7 survivors (28672K)
 Metaspace       used 172749K, committed 175104K, reserved 1245184K
  class space    used 22324K, committed 23488K, reserved 1048576K
}

