# JRE version: OpenJDK Runtime Environment (21.0.8) (build 21.0.8+-14018985-b1038.68)
# Java VM: OpenJDK 64-Bit Server VM (21.0.8+-14018985-b1038.68, mixed mode, tiered, compressed oops, compressed class ptrs, g1 gc, windows-amd64)
GC Precious Log:
 CardTable entry size: 512
 Card Set container configuration: InlinePtr #cards 4 size 8 Array Of Cards #cards 16 size 48 Howl #buckets 8 coarsen threshold 3686 Howl Bitmap #cards 512 size 80 coarsen threshold 460 Card regions per heap region 1 cards per card region 4096
 CPUs: 12 total, 12 available
 Memory: 16076M
 Large Page Support: Disabled
 NUMA Support: Disabled
 Compressed Oops: Enabled (Zero based)
 Heap Region Size: 2M
 Heap Min Capacity: 8M
 Heap Initial Capacity: 252M
 Heap Max Capacity: 4G
 Pre-touch: Disabled
 Parallel Workers: 10
 Concurrent Workers: 3
 Concurrent Refinement Workers: 10
 Periodic GC: Disabled
Heap:
 garbage-first heap   total 262144K, used 116072K [0x0000000700000000, 0x0000000800000000)
  region size 2048K, 11 young (22528K), 7 survivors (14336K)
 Metaspace       used 100969K, committed 102976K, reserved 983040K
  class space    used 14224K, committed 15232K, reserved 851968K
GC Heap History (20 events):
Event: 90.290 GC heap before
{Heap before GC invocations=33 (full 0):
 garbage-first heap   total 212992K, used 189949K [0x0000000700000000, 0x0000000800000000)
  region size 2048K, 61 young (124928K), 4 survivors (8192K)
 Metaspace       used 100670K, committed 102656K, reserved 983040K
  class space    used 14215K, committed 15168K, reserved 851968K
}
Event: 90.304 GC heap after
{Heap after GC invocations=34 (full 0):
 garbage-first heap   total 212992K, used 83630K [0x0000000700000000, 0x0000000800000000)
  region size 2048K, 8 young (16384K), 8 survivors (16384K)
 Metaspace       used 100670K, committed 102656K, reserved 983040K
  class space    used 14215K, committed 15168K, reserved 851968K
}
Event: 90.534 GC heap before
{Heap before GC invocations=34 (full 0):
 garbage-first heap   total 212992K, used 181934K [0x0000000700000000, 0x0000000800000000)
  region size 2048K, 57 young (116736K), 8 survivors (16384K)
 Metaspace       used 100766K, committed 102848K, reserved 983040K
  class space    used 14224K, committed 15232K, reserved 851968K
}
Event: 90.543 GC heap after
{Heap after GC invocations=35 (full 0):
 garbage-first heap   total 212992K, used 89226K [0x0000000700000000, 0x0000000800000000)
  region size 2048K, 3 young (6144K), 3 survivors (6144K)
 Metaspace       used 100766K, committed 102848K, reserved 983040K
  class space    used 14224K, committed 15232K, reserved 851968K
}
Event: 90.800 GC heap before
{Heap before GC invocations=36 (full 0):
 garbage-first heap   total 212992K, used 189578K [0x0000000700000000, 0x0000000800000000)
  region size 2048K, 53 young (108544K), 3 survivors (6144K)
 Metaspace       used 100787K, committed 102848K, reserved 983040K
  class space    used 14224K, committed 15232K, reserved 851968K
}
Event: 90.803 GC heap after
{Heap after GC invocations=37 (full 0):
 garbage-first heap   total 212992K, used 90914K [0x0000000700000000, 0x0000000800000000)
  region size 2048K, 4 young (8192K), 4 survivors (8192K)
 Metaspace       used 100787K, committed 102848K, reserved 983040K
  class space    used 14224K, committed 15232K, reserved 851968K
}
Event: 91.871 GC heap before
{Heap before GC invocations=37 (full 0):
 garbage-first heap   total 212992K, used 191266K [0x0000000700000000, 0x0000000800000000)
  region size 2048K, 53 young (108544K), 4 survivors (8192K)
 Metaspace       used 100828K, committed 102912K, reserved 983040K
  class space    used 14225K, committed 15232K, reserved 851968K
}
Event: 91.875 GC heap after
{Heap after GC invocations=38 (full 0):
 garbage-first heap   total 212992K, used 94551K [0x0000000700000000, 0x0000000800000000)
  region size 2048K, 5 young (10240K), 5 survivors (10240K)
 Metaspace       used 100828K, committed 102912K, reserved 983040K
  class space    used 14225K, committed 15232K, reserved 851968K
}
Event: 91.993 GC heap before
{Heap before GC invocations=38 (full 0):
 garbage-first heap   total 212992K, used 186711K [0x0000000700000000, 0x0000000800000000)
  region size 2048K, 51 young (104448K), 5 survivors (10240K)
 Metaspace       used 100830K, committed 102912K, reserved 983040K
  class space    used 14225K, committed 15232K, reserved 851968K
}
Event: 91.997 GC heap after
{Heap after GC invocations=39 (full 0):
 garbage-first heap   total 212992K, used 98796K [0x0000000700000000, 0x0000000800000000)
  region size 2048K, 5 young (10240K), 5 survivors (10240K)
 Metaspace       used 100830K, committed 102912K, reserved 983040K
  class space    used 14225K, committed 15232K, reserved 851968K
}
Event: 92.131 GC heap before
{Heap before GC invocations=40 (full 0):
 garbage-first heap   total 212992K, used 188908K [0x0000000700000000, 0x0000000800000000)
  region size 2048K, 49 young (100352K), 5 survivors (10240K)
 Metaspace       used 100826K, committed 102912K, reserved 983040K
  class space    used 14224K, committed 15232K, reserved 851968K
}
Event: 92.135 GC heap after
{Heap after GC invocations=41 (full 0):
 garbage-first heap   total 212992K, used 101394K [0x0000000700000000, 0x0000000800000000)
  region size 2048K, 5 young (10240K), 5 survivors (10240K)
 Metaspace       used 100826K, committed 102912K, reserved 983040K
  class space    used 14224K, committed 15232K, reserved 851968K
}
Event: 92.284 GC heap before
{Heap before GC invocations=41 (full 0):
 garbage-first heap   total 212992K, used 189458K [0x0000000700000000, 0x0000000800000000)
  region size 2048K, 48 young (98304K), 5 survivors (10240K)
 Metaspace       used 100832K, committed 102912K, reserved 983040K
  class space    used 14224K, committed 15232K, reserved 851968K
}
Event: 92.289 GC heap after
{Heap after GC invocations=42 (full 0):
 garbage-first heap   total 212992K, used 102006K [0x0000000700000000, 0x0000000800000000)
  region size 2048K, 4 young (8192K), 4 survivors (8192K)
 Metaspace       used 100832K, committed 102912K, reserved 983040K
  class space    used 14224K, committed 15232K, reserved 851968K
}
Event: 95.896 GC heap before
{Heap before GC invocations=42 (full 0):
 garbage-first heap   total 212992K, used 190070K [0x0000000700000000, 0x0000000800000000)
  region size 2048K, 48 young (98304K), 4 survivors (8192K)
 Metaspace       used 100892K, committed 102976K, reserved 983040K
  class space    used 14224K, committed 15232K, reserved 851968K
}
Event: 95.903 GC heap after
{Heap after GC invocations=43 (full 0):
 garbage-first heap   total 262144K, used 103289K [0x0000000700000000, 0x0000000800000000)
  region size 2048K, 5 young (10240K), 5 survivors (10240K)
 Metaspace       used 100892K, committed 102976K, reserved 983040K
  class space    used 14224K, committed 15232K, reserved 851968K
}
Event: 96.727 GC heap before
{Heap before GC invocations=44 (full 0):
 garbage-first heap   total 262144K, used 232313K [0x0000000700000000, 0x0000000800000000)
  region size 2048K, 69 young (141312K), 5 survivors (10240K)
 Metaspace       used 100911K, committed 102976K, reserved 983040K
  class space    used 14224K, committed 15232K, reserved 851968K
}
Event: 96.732 GC heap after
{Heap after GC invocations=45 (full 0):
 garbage-first heap   total 262144K, used 106440K [0x0000000700000000, 0x0000000800000000)
  region size 2048K, 6 young (12288K), 6 survivors (12288K)
 Metaspace       used 100911K, committed 102976K, reserved 983040K
  class space    used 14224K, committed 15232K, reserved 851968K
}
Event: 98.928 GC heap before
{Heap before GC invocations=45 (full 0):
 garbage-first heap   total 262144K, used 231368K [0x0000000700000000, 0x0000000800000000)
  region size 2048K, 68 young (139264K), 6 survivors (12288K)
 Metaspace       used 100966K, committed 102976K, reserved 983040K
  class space    used 14224K, committed 15232K, reserved 851968K
}
Event: 98.937 GC heap after
{Heap after GC invocations=46 (full 0):
 garbage-first heap   total 262144K, used 109928K [0x0000000700000000, 0x0000000800000000)
  region size 2048K, 7 young (14336K), 7 survivors (14336K)
 Metaspace       used 100966K, committed 102976K, reserved 983040K
  class space    used 14224K, committed 15232K, reserved 851968K
}

